Linked: (/home/paul/catkin_ws_denzelbeauty/devel/.private/simple_parking_maneuver/share/common-lisp/ros/simple_parking_maneuver/srv/simple_parking_maneuver-srv.asd, /home/paul/catkin_ws_denzelbeauty/devel/share/common-lisp/ros/simple_parking_maneuver/srv/simple_parking_maneuver-srv.asd)
Linked: (/home/paul/catkin_ws_denzelbeauty/devel/.private/simple_parking_maneuver/share/common-lisp/ros/simple_parking_maneuver/srv/_package.lisp, /home/paul/catkin_ws_denzelbeauty/devel/share/common-lisp/ros/simple_parking_maneuver/srv/_package.lisp)
Linked: (/home/paul/catkin_ws_denzelbeauty/devel/.private/simple_parking_maneuver/share/common-lisp/ros/simple_parking_maneuver/srv/ParkingManeuver.lisp, /home/paul/catkin_ws_denzelbeauty/devel/share/common-lisp/ros/simple_parking_maneuver/srv/ParkingManeuver.lisp)
Linked: (/home/paul/catkin_ws_denzelbeauty/devel/.private/simple_parking_maneuver/share/common-lisp/ros/simple_parking_maneuver/srv/_package_ParkingManeuver.lisp, /home/paul/catkin_ws_denzelbeauty/devel/share/common-lisp/ros/simple_parking_maneuver/srv/_package_ParkingManeuver.lisp)
Linked: (/home/paul/catkin_ws_denzelbeauty/devel/.private/simple_parking_maneuver/share/gennodejs/ros/simple_parking_maneuver/_index.js, /home/paul/catkin_ws_denzelbeauty/devel/share/gennodejs/ros/simple_parking_maneuver/_index.js)
Linked: (/home/paul/catkin_ws_denzelbeauty/devel/.private/simple_parking_maneuver/share/gennodejs/ros/simple_parking_maneuver/srv/_index.js, /home/paul/catkin_ws_denzelbeauty/devel/share/gennodejs/ros/simple_parking_maneuver/srv/_index.js)
Linked: (/home/paul/catkin_ws_denzelbeauty/devel/.private/simple_parking_maneuver/share/gennodejs/ros/simple_parking_maneuver/srv/ParkingManeuver.js, /home/paul/catkin_ws_denzelbeauty/devel/share/gennodejs/ros/simple_parking_maneuver/srv/ParkingManeuver.js)
Linked: (/home/paul/catkin_ws_denzelbeauty/devel/.private/simple_parking_maneuver/share/roseus/ros/simple_parking_maneuver/manifest.l, /home/paul/catkin_ws_denzelbeauty/devel/share/roseus/ros/simple_parking_maneuver/manifest.l)
Linked: (/home/paul/catkin_ws_denzelbeauty/devel/.private/simple_parking_maneuver/share/roseus/ros/simple_parking_maneuver/srv/ParkingManeuver.l, /home/paul/catkin_ws_denzelbeauty/devel/share/roseus/ros/simple_parking_maneuver/srv/ParkingManeuver.l)
Linked: (/home/paul/catkin_ws_denzelbeauty/devel/.private/simple_parking_maneuver/share/simple_parking_maneuver/cmake/simple_parking_maneuver-msg-paths.cmake, /home/paul/catkin_ws_denzelbeauty/devel/share/simple_parking_maneuver/cmake/simple_parking_maneuver-msg-paths.cmake)
Linked: (/home/paul/catkin_ws_denzelbeauty/devel/.private/simple_parking_maneuver/share/simple_parking_maneuver/cmake/simple_parking_maneuverConfig-version.cmake, /home/paul/catkin_ws_denzelbeauty/devel/share/simple_parking_maneuver/cmake/simple_parking_maneuverConfig-version.cmake)
Linked: (/home/paul/catkin_ws_denzelbeauty/devel/.private/simple_parking_maneuver/share/simple_parking_maneuver/cmake/simple_parking_maneuverConfig.cmake, /home/paul/catkin_ws_denzelbeauty/devel/share/simple_parking_maneuver/cmake/simple_parking_maneuverConfig.cmake)
Linked: (/home/paul/catkin_ws_denzelbeauty/devel/.private/simple_parking_maneuver/share/simple_parking_maneuver/cmake/simple_parking_maneuver-msg-extras.cmake, /home/paul/catkin_ws_denzelbeauty/devel/share/simple_parking_maneuver/cmake/simple_parking_maneuver-msg-extras.cmake)
Linked: (/home/paul/catkin_ws_denzelbeauty/devel/.private/simple_parking_maneuver/lib/python2.7/dist-packages/simple_parking_maneuver/__init__.py, /home/paul/catkin_ws_denzelbeauty/devel/lib/python2.7/dist-packages/simple_parking_maneuver/__init__.py)
Linked: (/home/paul/catkin_ws_denzelbeauty/devel/.private/simple_parking_maneuver/lib/python2.7/dist-packages/simple_parking_maneuver/srv/__init__.py, /home/paul/catkin_ws_denzelbeauty/devel/lib/python2.7/dist-packages/simple_parking_maneuver/srv/__init__.py)
Linked: (/home/paul/catkin_ws_denzelbeauty/devel/.private/simple_parking_maneuver/lib/python2.7/dist-packages/simple_parking_maneuver/srv/_ParkingManeuver.py, /home/paul/catkin_ws_denzelbeauty/devel/lib/python2.7/dist-packages/simple_parking_maneuver/srv/_ParkingManeuver.py)
Linked: (/home/paul/catkin_ws_denzelbeauty/devel/.private/simple_parking_maneuver/lib/pkgconfig/simple_parking_maneuver.pc, /home/paul/catkin_ws_denzelbeauty/devel/lib/pkgconfig/simple_parking_maneuver.pc)
Linked: (/home/paul/catkin_ws_denzelbeauty/devel/.private/simple_parking_maneuver/include/simple_parking_maneuver/ParkingManeuverRequest.h, /home/paul/catkin_ws_denzelbeauty/devel/include/simple_parking_maneuver/ParkingManeuverRequest.h)
Linked: (/home/paul/catkin_ws_denzelbeauty/devel/.private/simple_parking_maneuver/include/simple_parking_maneuver/ParkingManeuver.h, /home/paul/catkin_ws_denzelbeauty/devel/include/simple_parking_maneuver/ParkingManeuver.h)
Linked: (/home/paul/catkin_ws_denzelbeauty/devel/.private/simple_parking_maneuver/include/simple_parking_maneuver/ParkingManeuverResponse.h, /home/paul/catkin_ws_denzelbeauty/devel/include/simple_parking_maneuver/ParkingManeuverResponse.h)
