Determining if the pthread_create exist failed with the following output:
Change Dir: /home/paul/catkin_ws_denzelbeauty/build/simple_parking_maneuver/CMakeFiles/CMakeTmp

Run Build Command:"/usr/bin/make" "cmTC_ff59f/fast"
/usr/bin/make -f CMakeFiles/cmTC_ff59f.dir/build.make CMakeFiles/cmTC_ff59f.dir/build
make[1]: Entering directory '/home/paul/catkin_ws_denzelbeauty/build/simple_parking_maneuver/CMakeFiles/CMakeTmp'
Building C object CMakeFiles/cmTC_ff59f.dir/CheckSymbolExists.c.o
/usr/bin/cc    -o CMakeFiles/cmTC_ff59f.dir/CheckSymbolExists.c.o   -c /home/paul/catkin_ws_denzelbeauty/build/simple_parking_maneuver/CMakeFiles/CMakeTmp/CheckSymbolExists.c
Linking C executable cmTC_ff59f
/usr/bin/cmake -E cmake_link_script CMakeFiles/cmTC_ff59f.dir/link.txt --verbose=1
/usr/bin/cc      -rdynamic CMakeFiles/cmTC_ff59f.dir/CheckSymbolExists.c.o  -o cmTC_ff59f 
CMakeFiles/cmTC_ff59f.dir/CheckSymbolExists.c.o: In function `main':
CheckSymbolExists.c:(.text+0x1b): undefined reference to `pthread_create'
collect2: error: ld returned 1 exit status
CMakeFiles/cmTC_ff59f.dir/build.make:97: recipe for target 'cmTC_ff59f' failed
make[1]: *** [cmTC_ff59f] Error 1
make[1]: Leaving directory '/home/paul/catkin_ws_denzelbeauty/build/simple_parking_maneuver/CMakeFiles/CMakeTmp'
Makefile:126: recipe for target 'cmTC_ff59f/fast' failed
make: *** [cmTC_ff59f/fast] Error 2

File /home/paul/catkin_ws_denzelbeauty/build/simple_parking_maneuver/CMakeFiles/CMakeTmp/CheckSymbolExists.c:
/* */
#include <pthread.h>

int main(int argc, char** argv)
{
  (void)argv;
#ifndef pthread_create
  return ((int*)(&pthread_create))[argc];
#else
  (void)argc;
  return 0;
#endif
}

Determining if the function pthread_create exists in the pthreads failed with the following output:
Change Dir: /home/paul/catkin_ws_denzelbeauty/build/simple_parking_maneuver/CMakeFiles/CMakeTmp

Run Build Command:"/usr/bin/make" "cmTC_df874/fast"
/usr/bin/make -f CMakeFiles/cmTC_df874.dir/build.make CMakeFiles/cmTC_df874.dir/build
make[1]: Entering directory '/home/paul/catkin_ws_denzelbeauty/build/simple_parking_maneuver/CMakeFiles/CMakeTmp'
Building C object CMakeFiles/cmTC_df874.dir/CheckFunctionExists.c.o
/usr/bin/cc   -DCHECK_FUNCTION_EXISTS=pthread_create   -o CMakeFiles/cmTC_df874.dir/CheckFunctionExists.c.o   -c /usr/share/cmake-3.10/Modules/CheckFunctionExists.c
Linking C executable cmTC_df874
/usr/bin/cmake -E cmake_link_script CMakeFiles/cmTC_df874.dir/link.txt --verbose=1
/usr/bin/cc  -DCHECK_FUNCTION_EXISTS=pthread_create    -rdynamic CMakeFiles/cmTC_df874.dir/CheckFunctionExists.c.o  -o cmTC_df874 -lpthreads 
/usr/bin/ld: cannot find -lpthreads
collect2: error: ld returned 1 exit status
CMakeFiles/cmTC_df874.dir/build.make:97: recipe for target 'cmTC_df874' failed
make[1]: *** [cmTC_df874] Error 1
make[1]: Leaving directory '/home/paul/catkin_ws_denzelbeauty/build/simple_parking_maneuver/CMakeFiles/CMakeTmp'
Makefile:126: recipe for target 'cmTC_df874/fast' failed
make: *** [cmTC_df874/fast] Error 2


